<?xml version="1.0" encoding="UTF-8"?>
<!-- Generated by org.testng.reporters.JUnitReportReporter -->
<testsuite hostname="DESKTOP-G0JN9TA" failures="0" tests="1" name="testcases.TC004_del_customer" time="0.023" errors="0" timestamp="2025-07-09T11:11:07 BST" skipped="0">
  <testcase classname="testcases.TC004_del_customer" name="check" time="0.023"/>
</testsuite> <!-- testcases.TC004_del_customer -->
