<?xml version="1.0" encoding="UTF-8"?>
<!-- Generated by org.testng.reporters.JUnitReportReporter -->
<testsuite hostname="DESKTOP-G0JN9TA" failures="0" tests="3" name="testcases.TC002_Get_single_emp_data" time="0.053" errors="0" timestamp="2025-07-02T10:57:52 BST" skipped="0">
  <testcase classname="testcases.TC002_Get_single_emp_data" name="check_headers" time="0.004"/>
  <testcase classname="testcases.TC002_Get_single_emp_data" name="checkResponseBody" time="0.047"/>
  <testcase classname="testcases.TC002_Get_single_emp_data" name="check_status_code" time="0.002"/>
</testsuite> <!-- testcases.TC002_Get_single_emp_data -->
