<?xml version="1.0" encoding="UTF-8"?>
<!-- Generated by org.testng.reporters.JUnitReportReporter -->
<testsuite hostname="DESKTOP-G0JN9TA" failures="0" tests="3" name="testcases.TC001_EmpData" time="0.052" errors="0" timestamp="2025-07-02T10:52:28 BST" skipped="0">
  <testcase classname="testcases.TC001_EmpData" name="chech_status_code" time="0.012"/>
  <testcase classname="testcases.TC001_EmpData" name="checkResponseBody" time="0.031"/>
  <testcase classname="testcases.TC001_EmpData" name="check_Response_Time" time="0.009"/>
</testsuite> <!-- testcases.TC001_EmpData -->
