<?xml version="1.0" encoding="UTF-8"?>
<!-- Generated by org.testng.reporters.JUnitReportReporter -->
<testsuite hostname="DESKTOP-G0JN9TA" failures="0" tests="1" name="testcases.TC003_Add_customer" time="0.721" errors="0" timestamp="2025-07-02T10:59:06 BST" skipped="0">
  <testcase classname="testcases.TC003_Add_customer" name="check_response" time="0.721"/>
</testsuite> <!-- testcases.TC003_Add_customer -->
